<?xml version="1.0" encoding="UTF-8"?>
<!-- Generated by org.testng.reporters.JUnitXMLReporter -->
<testsuite hostname="jince-jince" name="Default test" tests="7" failures="0" timestamp="24 Jun 2016 08:44:24 GMT" time="114.528" errors="0">
  <testcase name="ExitLoginPageTest" time="4.712" classname="com.jince.android.tests.Mine_LoginPageTest"/>
  <testcase name="InterfaceTest" time="1.835" classname="com.jince.android.tests.Mine_LoginPageTest"/>
  <testcase name="LoginTest" time="10.898" classname="com.jince.android.tests.Mine_LoginPageTest"/>
  <testcase name="LoginTest" time="10.409" classname="com.jince.android.tests.Mine_LoginPageTest"/>
  <testcase name="LoginTest" time="11.453" classname="com.jince.android.tests.Mine_LoginPageTest"/>
  <testcase name="LoginTest" time="15.313" classname="com.jince.android.tests.Mine_LoginPageTest"/>
  <testcase name="LoginTest" time="16.101" classname="com.jince.android.tests.Mine_LoginPageTest"/>
</testsuite> <!-- Default test -->
