<?xml version="1.0" encoding="UTF-8"?>
<testng-results skipped="0" failed="0" total="0" passed="0">
  <reporter-output>
  </reporter-output>
  <suite name="com.jince.www.Android.AppTest" duration-ms="3" started-at="2016-01-13T09:35:54Z" finished-at="2016-01-13T09:35:54Z">
    <groups>
    </groups>
    <test name="Command line test" duration-ms="3" started-at="2016-01-13T09:35:54Z" finished-at="2016-01-13T09:35:54Z">
    </test> <!-- Command line test -->
  </suite> <!-- com.jince.www.Android.AppTest -->
</testng-results>
