<?xml version="1.0" encoding="UTF-8"?>
<testng-results skipped="1" failed="0" total="1" passed="0">
  <reporter-output>
  </reporter-output>
  <suite name="JinDaShi Android Test" duration-ms="18" started-at="2016-06-15T02:16:01Z" finished-at="2016-06-15T02:16:01Z">
    <groups>
    </groups>
    <test name="Full Test - WWW" duration-ms="18" started-at="2016-06-15T02:16:01Z" finished-at="2016-06-15T02:16:01Z">
      <class name="com.jince.android.tests.APPTestDemo">
        <test-method status="PASS" signature="suiteSetup()[pri:0, instance:com.jince.android.tests.APPTestDemo@34b7bfc0]" name="suiteSetup" is-config="true" duration-ms="6" started-at="2016-06-15T10:16:01Z" finished-at="2016-06-15T10:16:01Z">
          <reporter-output>
          </reporter-output>
        </test-method> <!-- suiteSetup -->
        <test-method status="FAIL" signature="setUpDriver(org.testng.ITestContext)[pri:0, instance:com.jince.android.tests.APPTestDemo@34b7bfc0]" name="setUpDriver" is-config="true" duration-ms="0" started-at="2016-06-15T10:16:01Z" finished-at="2016-06-15T10:16:01Z">
          <params>
            <param index="0">
              <value>
                <![CDATA[org.testng.TestRunner@3532ec19]]>
              </value>
            </param>
          </params>
          <exception class="java.lang.ExceptionInInitializerError">
            <full-stacktrace>
              <![CDATA[java.lang.ExceptionInInitializerError
	at com.jince.android.tests.BaseTest.setUpDriver(BaseTest.java:43)
	at sun.reflect.NativeMethodAccessorImpl.invoke0(Native Method)
	at sun.reflect.NativeMethodAccessorImpl.invoke(NativeMethodAccessorImpl.java:62)
	at sun.reflect.DelegatingMethodAccessorImpl.invoke(DelegatingMethodAccessorImpl.java:43)
	at java.lang.reflect.Method.invoke(Method.java:497)
	at org.testng.internal.MethodInvocationHelper.invokeMethod(MethodInvocationHelper.java:80)
	at org.testng.internal.Invoker.invokeConfigurationMethod(Invoker.java:564)
	at org.testng.internal.Invoker.invokeConfigurations(Invoker.java:213)
	at org.testng.internal.Invoker.invokeConfigurations(Invoker.java:138)
	at org.testng.TestRunner.beforeRun(TestRunner.java:641)
	at org.testng.TestRunner.run(TestRunner.java:609)
	at org.testng.SuiteRunner.runTest(SuiteRunner.java:334)
	at org.testng.SuiteRunner.runSequentially(SuiteRunner.java:329)
	at org.testng.SuiteRunner.privateRun(SuiteRunner.java:291)
	at org.testng.SuiteRunner.run(SuiteRunner.java:240)
	at org.testng.SuiteRunnerWorker.runSuite(SuiteRunnerWorker.java:52)
	at org.testng.SuiteRunnerWorker.run(SuiteRunnerWorker.java:86)
	at org.testng.TestNG.runSuitesSequentially(TestNG.java:1198)
	at org.testng.TestNG.runSuitesLocally(TestNG.java:1123)
	at org.testng.TestNG.run(TestNG.java:1031)
	at org.apache.maven.surefire.testng.TestNGExecutor.run(TestNGExecutor.java:177)
	at org.apache.maven.surefire.testng.TestNGXmlTestSuite.execute(TestNGXmlTestSuite.java:92)
	at org.apache.maven.surefire.testng.TestNGProvider.invoke(TestNGProvider.java:105)
	at sun.reflect.NativeMethodAccessorImpl.invoke0(Native Method)
	at sun.reflect.NativeMethodAccessorImpl.invoke(NativeMethodAccessorImpl.java:62)
	at sun.reflect.DelegatingMethodAccessorImpl.invoke(DelegatingMethodAccessorImpl.java:43)
	at java.lang.reflect.Method.invoke(Method.java:497)
	at org.apache.maven.surefire.util.ReflectionUtils.invokeMethodWithArray(ReflectionUtils.java:189)
	at org.apache.maven.surefire.booter.ProviderFactory$ProviderProxy.invoke(ProviderFactory.java:165)
	at org.apache.maven.surefire.booter.ProviderFactory.invokeProvider(ProviderFactory.java:85)
	at org.apache.maven.surefire.booter.ForkedBooter.runSuitesInProcess(ForkedBooter.java:103)
	at org.apache.maven.surefire.booter.ForkedBooter.main(ForkedBooter.java:74)
Caused by: java.lang.NullPointerException
	at com.jince.android.utility.InitEnvPaths.FindEnvPaths(InitEnvPaths.java:12)
	at com.jince.android.config.UIConfig.<clinit>(UIConfig.java:11)
	... 32 more
]]>
            </full-stacktrace>
          </exception> <!-- java.lang.ExceptionInInitializerError -->
          <reporter-output>
          </reporter-output>
        </test-method> <!-- setUpDriver -->
        <test-method status="SKIP" signature="setUp(org.testng.ITestContext)[pri:0, instance:com.jince.android.tests.APPTestDemo@34b7bfc0]" name="setUp" is-config="true" duration-ms="0" started-at="2016-06-15T10:16:01Z" finished-at="2016-06-15T10:16:01Z">
          <reporter-output>
          </reporter-output>
        </test-method> <!-- setUp -->
        <test-method status="SKIP" signature="Login()[pri:0, instance:com.jince.android.tests.APPTestDemo@34b7bfc0]" name="Login" duration-ms="1" started-at="2016-06-15T10:16:01Z" finished-at="2016-06-15T10:16:01Z">
          <reporter-output>
          </reporter-output>
        </test-method> <!-- Login -->
        <test-method status="SKIP" signature="open_Url()[pri:0, instance:com.jince.android.tests.APPTestDemo@34b7bfc0]" name="open_Url" is-config="true" duration-ms="0" started-at="2016-06-15T10:16:01Z" finished-at="2016-06-15T10:16:01Z">
          <reporter-output>
          </reporter-output>
        </test-method> <!-- open_Url -->
        <test-method status="SKIP" signature="tearDown()[pri:0, instance:com.jince.android.tests.APPTestDemo@34b7bfc0]" name="tearDown" is-config="true" duration-ms="0" started-at="2016-06-15T10:16:01Z" finished-at="2016-06-15T10:16:01Z">
          <reporter-output>
          </reporter-output>
        </test-method> <!-- tearDown -->
        <test-method status="SKIP" signature="afterTestCase()[pri:0, instance:com.jince.android.tests.APPTestDemo@34b7bfc0]" name="afterTestCase" is-config="true" duration-ms="0" started-at="2016-06-15T10:16:01Z" finished-at="2016-06-15T10:16:01Z">
          <reporter-output>
          </reporter-output>
        </test-method> <!-- afterTestCase -->
        <test-method status="SKIP" signature="endTest(org.testng.ITestContext)[pri:0, instance:com.jince.android.tests.APPTestDemo@34b7bfc0]" name="endTest" is-config="true" duration-ms="0" started-at="2016-06-15T10:16:01Z" finished-at="2016-06-15T10:16:01Z">
          <reporter-output>
          </reporter-output>
        </test-method> <!-- endTest -->
        <test-method status="SKIP" signature="endSuite()[pri:0, instance:com.jince.android.tests.APPTestDemo@34b7bfc0]" name="endSuite" is-config="true" duration-ms="0" started-at="2016-06-15T10:16:01Z" finished-at="2016-06-15T10:16:01Z">
          <reporter-output>
          </reporter-output>
        </test-method> <!-- endSuite -->
      </class> <!-- com.jince.android.tests.APPTestDemo -->
    </test> <!-- Full Test - WWW -->
  </suite> <!-- JinDaShi Android Test -->
</testng-results>
