<?xml version="1.0" encoding="UTF-8"?>
<!-- Generated by org.testng.reporters.JUnitXMLReporter -->
<testsuite hostname="jince-jince" name="Full Test - WWW" tests="9" failures="0" timestamp="22 Jun 2016 08:35:18 GMT" time="124.202" errors="0">
  <testcase name="GoToLoginPageTest" time="3.197" classname="com.jince.android.tests.LoginPageTest"/>
  <testcase name="InterfaceTest" time="1.752" classname="com.jince.android.tests.LoginPageTest"/>
  <testcase name="ExitLoginPageTest" time="3.771" classname="com.jince.android.tests.LoginPageTest"/>
  <testcase name="LoginTest" time="12.031" classname="com.jince.android.tests.LoginPageTest"/>
  <testcase name="LoginTest" time="10.533" classname="com.jince.android.tests.LoginPageTest"/>
  <testcase name="LoginTest" time="11.767" classname="com.jince.android.tests.LoginPageTest"/>
  <testcase name="LoginTest" time="14.691" classname="com.jince.android.tests.LoginPageTest"/>
  <testcase name="LoginTest" time="18.043" classname="com.jince.android.tests.LoginPageTest"/>
  <testcase name="LoginTest" time="16.881" classname="com.jince.android.tests.LoginPageTest"/>
</testsuite> <!-- Full Test - WWW -->
