<?xml version="1.0" encoding="UTF-8"?>
<!-- Generated by org.testng.reporters.JUnitXMLReporter -->
<testsuite hostname="jince-jince" name="Full Test - WWW" tests="15" failures="0" timestamp="24 Jun 2016 08:54:21 GMT" time="280.423" errors="0">
  <testcase name="changeNickNameCancelTest" time="5.814" classname="com.jince.android.tests.Mine_MineCenterPageTest"/>
  <testcase name="changeNickNameSaveTest" time="13.468" classname="com.jince.android.tests.Mine_MineCenterPageTest"/>
  <testcase name="changeNickNameSaveTest" time="14.454" classname="com.jince.android.tests.Mine_MineCenterPageTest"/>
  <testcase name="changeNickNameSaveTest" time="14.16" classname="com.jince.android.tests.Mine_MineCenterPageTest"/>
  <testcase name="changeNickNameSaveTest" time="14.13" classname="com.jince.android.tests.Mine_MineCenterPageTest"/>
  <testcase name="changeNickNameSaveTest" time="14.245" classname="com.jince.android.tests.Mine_MineCenterPageTest"/>
  <testcase name="changeNickNameSaveTest" time="11.424" classname="com.jince.android.tests.Mine_MineCenterPageTest"/>
  <testcase name="changePwdCancelTest" time="4.722" classname="com.jince.android.tests.Mine_MineCenterPageTest"/>
  <testcase name="changePwdSaveTest" time="23.607" classname="com.jince.android.tests.Mine_MineCenterPageTest"/>
  <testcase name="changePwdSaveTest" time="24.136" classname="com.jince.android.tests.Mine_MineCenterPageTest"/>
  <testcase name="changePwdSaveTest" time="24.372" classname="com.jince.android.tests.Mine_MineCenterPageTest"/>
  <testcase name="changePwdSaveTest" time="24.244" classname="com.jince.android.tests.Mine_MineCenterPageTest"/>
  <testcase name="changePwdSaveTest" time="20.645" classname="com.jince.android.tests.Mine_MineCenterPageTest"/>
  <testcase name="changePwdSaveTest" time="18.881" classname="com.jince.android.tests.Mine_MineCenterPageTest"/>
  <testcase name="logOutTest" time="3.19" classname="com.jince.android.tests.Mine_MineCenterPageTest"/>
</testsuite> <!-- Full Test - WWW -->
